<?xml version="1.0" encoding="UTF-8"?>
<!-- Generated by org.testng.reporters.JUnitReportReporter -->
<testsuite skipped="0" hostname="LAPTOP-EN532Q9K" name="testCases_OpenWeatherMap_Application.TestCase_03_VerifyValidCityDetails" tests="1" failures="0" timestamp="28 Oct 2018 16:01:59 GMT" time="19.877" errors="0">
  <testcase name="test_VerifyValidCity_Details" time="19.877" classname="testCases_OpenWeatherMap_Application.TestCase_03_VerifyValidCityDetails"/>
</testsuite> <!-- testCases_OpenWeatherMap_Application.TestCase_03_VerifyValidCityDetails -->
