<?xml version="1.0" encoding="UTF-8"?>
<!-- Generated by org.testng.reporters.JUnitReportReporter -->
<testsuite skipped="0" hostname="LAPTOP-EN532Q9K" name="testCases_OpenWeatherMap_Application.TestCase_10_LoginFunctionality" tests="1" failures="0" timestamp="28 Oct 2018 16:42:37 GMT" time="26.511" errors="0">
  <testcase name="test_Login" time="26.511" classname="testCases_OpenWeatherMap_Application.TestCase_10_LoginFunctionality"/>
</testsuite> <!-- testCases_OpenWeatherMap_Application.TestCase_10_LoginFunctionality -->
