<?xml version="1.0" encoding="UTF-8"?>
<!-- Generated by org.testng.reporters.JUnitReportReporter -->
<testsuite skipped="0" hostname="LAPTOP-EN532Q9K" name="open_Weather_XML.TestCase4_WeatherInYourCity" tests="1" failures="0" timestamp="28 Oct 2018 14:23:08 GMT" time="30.407" errors="0">
  <testcase name="test_WeatherInYourCity_Link" time="30.407" classname="open_Weather_XML.TestCase4_WeatherInYourCity"/>
</testsuite> <!-- open_Weather_XML.TestCase4_WeatherInYourCity -->
