<?xml version="1.0" encoding="UTF-8"?>
<!-- Generated by org.testng.reporters.JUnitReportReporter -->
<testsuite skipped="0" hostname="LAPTOP-EN532Q9K" name="testCases_OpenWeatherMap_Application.TestCase_02_VerifyInvalidCity" tests="1" failures="0" timestamp="28 Oct 2018 16:01:59 GMT" time="19.504" errors="0">
  <testcase name="test_VerifyInvalidCity_AlertMessage" time="19.504" classname="testCases_OpenWeatherMap_Application.TestCase_02_VerifyInvalidCity"/>
</testsuite> <!-- testCases_OpenWeatherMap_Application.TestCase_02_VerifyInvalidCity -->
