<?xml version="1.0" encoding="UTF-8"?>
<!-- Generated by org.testng.reporters.JUnitReportReporter -->
<testsuite skipped="0" hostname="LAPTOP-EN532Q9K" name="open_Weather_XML.TestCase2_VerifyInvalidCity" tests="1" failures="0" timestamp="28 Oct 2018 12:31:34 GMT" time="21.478" errors="0">
  <testcase name="test_VerifyInvalidCity_AlertMessage" time="21.478" classname="open_Weather_XML.TestCase2_VerifyInvalidCity"/>
</testsuite> <!-- open_Weather_XML.TestCase2_VerifyInvalidCity -->
