<?xml version="1.0" encoding="UTF-8"?>
<!-- Generated by org.testng.reporters.JUnitReportReporter -->
<testsuite skipped="0" hostname="LAPTOP-EN532Q9K" name="open_Weather_XML.TestCase2_VerifyValidCityDetails" tests="1" failures="0" timestamp="28 Oct 2018 12:57:19 GMT" time="21.554" errors="0">
  <testcase name="test_VerifyValidCity_Details" time="21.554" classname="open_Weather_XML.TestCase2_VerifyValidCityDetails"/>
</testsuite> <!-- open_Weather_XML.TestCase2_VerifyValidCityDetails -->
